C:\USERS\TAMIIR\DESKTOP\NEW FOLDER\SP_TAMIR\SP_TAMIR\DEBUG\COLLAGE.OBJ
C:\USERS\TAMIIR\DESKTOP\NEW FOLDER\SP_TAMIR\SP_TAMIR\DEBUG\COURSE.OBJ
C:\USERS\TAMIIR\DESKTOP\NEW FOLDER\SP_TAMIR\SP_TAMIR\DEBUG\DATAMANAGER.OBJ
C:\USERS\TAMIIR\DESKTOP\NEW FOLDER\SP_TAMIR\SP_TAMIR\DEBUG\DEPARTMENT.OBJ
C:\USERS\TAMIIR\DESKTOP\NEW FOLDER\SP_TAMIR\SP_TAMIR\DEBUG\LOGGER.OBJ
C:\USERS\TAMIIR\DESKTOP\NEW FOLDER\SP_TAMIR\SP_TAMIR\DEBUG\MAIN.OBJ
C:\USERS\TAMIIR\DESKTOP\NEW FOLDER\SP_TAMIR\SP_TAMIR\DEBUG\STUDENT.OBJ
C:\USERS\TAMIIR\DESKTOP\NEW FOLDER\SP_TAMIR\SP_TAMIR\DEBUG\VC110.PDB
C:\DOCUMENTS AND SETTINGS\USER\MY DOCUMENTS\VISUAL STUDIO 2010\PROJECTS\SP_TAMIR\SP_TAMIR\DEBUG\COLLAGE.OBJ
C:\DOCUMENTS AND SETTINGS\USER\MY DOCUMENTS\VISUAL STUDIO 2010\PROJECTS\SP_TAMIR\SP_TAMIR\DEBUG\COURSE.OBJ
C:\DOCUMENTS AND SETTINGS\USER\MY DOCUMENTS\VISUAL STUDIO 2010\PROJECTS\SP_TAMIR\SP_TAMIR\DEBUG\DATAMANAGER.OBJ
C:\DOCUMENTS AND SETTINGS\USER\MY DOCUMENTS\VISUAL STUDIO 2010\PROJECTS\SP_TAMIR\SP_TAMIR\DEBUG\DEPARTMENT.OBJ
C:\DOCUMENTS AND SETTINGS\USER\MY DOCUMENTS\VISUAL STUDIO 2010\PROJECTS\SP_TAMIR\SP_TAMIR\DEBUG\LOGGER.OBJ
C:\DOCUMENTS AND SETTINGS\USER\MY DOCUMENTS\VISUAL STUDIO 2010\PROJECTS\SP_TAMIR\SP_TAMIR\DEBUG\MAIN.OBJ
C:\DOCUMENTS AND SETTINGS\USER\MY DOCUMENTS\VISUAL STUDIO 2010\PROJECTS\SP_TAMIR\SP_TAMIR\DEBUG\STUDENT.OBJ
C:\DOCUMENTS AND SETTINGS\USER\MY DOCUMENTS\VISUAL STUDIO 2010\PROJECTS\SP_TAMIR\SP_TAMIR\DEBUG\VC100.PDB
C:\USERS\TAMIIR\DESKTOP\NEW FOLDER\SP_TAMIR\DEBUG\SP_TAMIR.ILK
C:\USERS\TAMIIR\DESKTOP\NEW FOLDER\SP_TAMIR\DEBUG\SP_TAMIR.EXE
C:\USERS\TAMIIR\DESKTOP\NEW FOLDER\SP_TAMIR\DEBUG\SP_TAMIR.PDB
C:\DOCUMENTS AND SETTINGS\USER\MY DOCUMENTS\VISUAL STUDIO 2010\PROJECTS\SP_TAMIR\DEBUG\SP_TAMIR.ILK
C:\DOCUMENTS AND SETTINGS\USER\MY DOCUMENTS\VISUAL STUDIO 2010\PROJECTS\SP_TAMIR\DEBUG\SP_TAMIR.EXE
C:\DOCUMENTS AND SETTINGS\USER\MY DOCUMENTS\VISUAL STUDIO 2010\PROJECTS\SP_TAMIR\SP_TAMIR\DEBUG\SP_TAMIR.EXE.INTERMEDIATE.MANIFEST
C:\DOCUMENTS AND SETTINGS\USER\MY DOCUMENTS\VISUAL STUDIO 2010\PROJECTS\SP_TAMIR\DEBUG\SP_TAMIR.PDB
C:\Users\tamiir\Desktop\SharedPointers by Tamir Abu Salah 201260148 and Omer Cofman 204717524\Debug\Collage.obj
C:\Users\tamiir\Desktop\SharedPointers by Tamir Abu Salah 201260148 and Omer Cofman 204717524\Debug\Course.obj
C:\Users\tamiir\Desktop\SharedPointers by Tamir Abu Salah 201260148 and Omer Cofman 204717524\Debug\DataManager.obj
C:\Users\tamiir\Desktop\SharedPointers by Tamir Abu Salah 201260148 and Omer Cofman 204717524\Debug\Department.obj
C:\Users\tamiir\Desktop\SharedPointers by Tamir Abu Salah 201260148 and Omer Cofman 204717524\Debug\Logger.obj
C:\Users\tamiir\Desktop\SharedPointers by Tamir Abu Salah 201260148 and Omer Cofman 204717524\Debug\main.obj
C:\Users\tamiir\Desktop\SharedPointers by Tamir Abu Salah 201260148 and Omer Cofman 204717524\Debug\Student.obj
C:\Users\tamiir\Desktop\SharedPointers by Tamir Abu Salah 201260148 and Omer Cofman 204717524\Debug\cl.command.1.tlog
C:\Users\tamiir\Desktop\SharedPointers by Tamir Abu Salah 201260148 and Omer Cofman 204717524\Debug\CL.read.1.tlog
C:\Users\tamiir\Desktop\SharedPointers by Tamir Abu Salah 201260148 and Omer Cofman 204717524\Debug\CL.write.1.tlog
C:\Users\tamiir\Desktop\SharedPointers by Tamir Abu Salah 201260148 and Omer Cofman 204717524\Debug\link-cvtres.read.1.tlog
C:\Users\tamiir\Desktop\SharedPointers by Tamir Abu Salah 201260148 and Omer Cofman 204717524\Debug\link-cvtres.write.1.tlog
C:\Users\tamiir\Desktop\SharedPointers by Tamir Abu Salah 201260148 and Omer Cofman 204717524\Debug\link-rc.read.1.tlog
C:\Users\tamiir\Desktop\SharedPointers by Tamir Abu Salah 201260148 and Omer Cofman 204717524\Debug\link-rc.write.1.tlog
C:\Users\tamiir\Desktop\SharedPointers by Tamir Abu Salah 201260148 and Omer Cofman 204717524\Debug\link.1596-cvtres.read.1.tlog
C:\Users\tamiir\Desktop\SharedPointers by Tamir Abu Salah 201260148 and Omer Cofman 204717524\Debug\link.1596-cvtres.write.1.tlog
C:\Users\tamiir\Desktop\SharedPointers by Tamir Abu Salah 201260148 and Omer Cofman 204717524\Debug\link.1596-rc.read.1.tlog
C:\Users\tamiir\Desktop\SharedPointers by Tamir Abu Salah 201260148 and Omer Cofman 204717524\Debug\link.1596-rc.write.1.tlog
C:\Users\tamiir\Desktop\SharedPointers by Tamir Abu Salah 201260148 and Omer Cofman 204717524\Debug\link.1596.read.1.tlog
C:\Users\tamiir\Desktop\SharedPointers by Tamir Abu Salah 201260148 and Omer Cofman 204717524\Debug\link.1596.write.1.tlog
C:\Users\tamiir\Desktop\SharedPointers by Tamir Abu Salah 201260148 and Omer Cofman 204717524\Debug\link.3004-cvtres.read.1.tlog
C:\Users\tamiir\Desktop\SharedPointers by Tamir Abu Salah 201260148 and Omer Cofman 204717524\Debug\link.3004-cvtres.write.1.tlog
C:\Users\tamiir\Desktop\SharedPointers by Tamir Abu Salah 201260148 and Omer Cofman 204717524\Debug\link.3004-rc.read.1.tlog
C:\Users\tamiir\Desktop\SharedPointers by Tamir Abu Salah 201260148 and Omer Cofman 204717524\Debug\link.3004-rc.write.1.tlog
C:\Users\tamiir\Desktop\SharedPointers by Tamir Abu Salah 201260148 and Omer Cofman 204717524\Debug\link.3004.read.1.tlog
C:\Users\tamiir\Desktop\SharedPointers by Tamir Abu Salah 201260148 and Omer Cofman 204717524\Debug\link.3004.write.1.tlog
C:\Users\tamiir\Desktop\SharedPointers by Tamir Abu Salah 201260148 and Omer Cofman 204717524\Debug\link.3660-cvtres.read.1.tlog
C:\Users\tamiir\Desktop\SharedPointers by Tamir Abu Salah 201260148 and Omer Cofman 204717524\Debug\link.3660-cvtres.write.1.tlog
C:\Users\tamiir\Desktop\SharedPointers by Tamir Abu Salah 201260148 and Omer Cofman 204717524\Debug\link.3660-rc.read.1.tlog
C:\Users\tamiir\Desktop\SharedPointers by Tamir Abu Salah 201260148 and Omer Cofman 204717524\Debug\link.3660-rc.write.1.tlog
C:\Users\tamiir\Desktop\SharedPointers by Tamir Abu Salah 201260148 and Omer Cofman 204717524\Debug\link.3660.read.1.tlog
C:\Users\tamiir\Desktop\SharedPointers by Tamir Abu Salah 201260148 and Omer Cofman 204717524\Debug\link.3660.write.1.tlog
C:\Users\tamiir\Desktop\SharedPointers by Tamir Abu Salah 201260148 and Omer Cofman 204717524\Debug\link.6784-cvtres.read.1.tlog
C:\Users\tamiir\Desktop\SharedPointers by Tamir Abu Salah 201260148 and Omer Cofman 204717524\Debug\link.6784-cvtres.write.1.tlog
C:\Users\tamiir\Desktop\SharedPointers by Tamir Abu Salah 201260148 and Omer Cofman 204717524\Debug\link.6784-rc.read.1.tlog
C:\Users\tamiir\Desktop\SharedPointers by Tamir Abu Salah 201260148 and Omer Cofman 204717524\Debug\link.6784-rc.write.1.tlog
C:\Users\tamiir\Desktop\SharedPointers by Tamir Abu Salah 201260148 and Omer Cofman 204717524\Debug\link.6784.read.1.tlog
C:\Users\tamiir\Desktop\SharedPointers by Tamir Abu Salah 201260148 and Omer Cofman 204717524\Debug\link.6784.write.1.tlog
C:\Users\tamiir\Desktop\SharedPointers by Tamir Abu Salah 201260148 and Omer Cofman 204717524\Debug\link.command.1.tlog
C:\Users\tamiir\Desktop\SharedPointers by Tamir Abu Salah 201260148 and Omer Cofman 204717524\Debug\link.read.1.tlog
C:\Users\tamiir\Desktop\SharedPointers by Tamir Abu Salah 201260148 and Omer Cofman 204717524\Debug\link.write.1.tlog
C:\Users\tamiir\Desktop\SharedPointers by Tamir Abu Salah 201260148 and Omer Cofman 204717524\Debug\mt.command.1.tlog
C:\Users\tamiir\Desktop\SharedPointers by Tamir Abu Salah 201260148 and Omer Cofman 204717524\Debug\mt.read.1.tlog
C:\Users\tamiir\Desktop\SharedPointers by Tamir Abu Salah 201260148 and Omer Cofman 204717524\Debug\mt.write.1.tlog
C:\Users\tamiir\Desktop\SharedPointers by Tamir Abu Salah 201260148 and Omer Cofman 204717524\Debug\SP_tamir.exe.intermediate.manifest
C:\Users\tamiir\Desktop\SharedPointers by Tamir Abu Salah 201260148 and Omer Cofman 204717524\Debug\vc100.idb
C:\Users\tamiir\Desktop\SharedPointers by Tamir Abu Salah 201260148 and Omer Cofman 204717524\Debug\vc110.idb
C:\Users\tamiir\Desktop\SharedPointers by Tamir Abu Salah 201260148 and Omer Cofman 204717524\Debug\vc100.pdb
C:\Users\tamiir\Desktop\SharedPointers by Tamir Abu Salah 201260148 and Omer Cofman 204717524\Debug\vc110.pdb
