C:\USERS\TAMIIR\DESKTOP\SHAREDPOINTERS BY TAMIR ABU SALAH 201260148 AND OMER COFMAN 204717524\DEBUG\COLLAGE.OBJ
C:\USERS\TAMIIR\DESKTOP\SHAREDPOINTERS BY TAMIR ABU SALAH 201260148 AND OMER COFMAN 204717524\DEBUG\COURSE.OBJ
C:\USERS\TAMIIR\DESKTOP\SHAREDPOINTERS BY TAMIR ABU SALAH 201260148 AND OMER COFMAN 204717524\DEBUG\DATAMANAGER.OBJ
C:\USERS\TAMIIR\DESKTOP\SHAREDPOINTERS BY TAMIR ABU SALAH 201260148 AND OMER COFMAN 204717524\DEBUG\DEPARTMENT.OBJ
C:\USERS\TAMIIR\DESKTOP\SHAREDPOINTERS BY TAMIR ABU SALAH 201260148 AND OMER COFMAN 204717524\DEBUG\LOGGER.OBJ
C:\USERS\TAMIIR\DESKTOP\SHAREDPOINTERS BY TAMIR ABU SALAH 201260148 AND OMER COFMAN 204717524\DEBUG\MAIN.OBJ
C:\USERS\TAMIIR\DESKTOP\SHAREDPOINTERS BY TAMIR ABU SALAH 201260148 AND OMER COFMAN 204717524\DEBUG\STUDENT.OBJ
C:\USERS\TAMIIR\DESKTOP\SHAREDPOINTERS BY TAMIR ABU SALAH 201260148 AND OMER COFMAN 204717524\DEBUG\VC110.PDB
C:\USERS\TAMIIR\DESKTOP\SHAREDPOINTERS BY TAMIR ABU SALAH 201260148 AND OMER COFMAN 204717524\DEBUG\SP_TAMIR.ILK
C:\USERS\TAMIIR\DESKTOP\SHAREDPOINTERS BY TAMIR ABU SALAH 201260148 AND OMER COFMAN 204717524\DEBUG\SP_TAMIR.EXE
C:\USERS\TAMIIR\DESKTOP\SHAREDPOINTERS BY TAMIR ABU SALAH 201260148 AND OMER COFMAN 204717524\DEBUG\SP_TAMIR.PDB
C:\Users\tamiir\Desktop\SharedPointers by Tamir Abu Salah 201260148 and Omer Cofman 204717524\Debug\Collage.obj
C:\Users\tamiir\Desktop\SharedPointers by Tamir Abu Salah 201260148 and Omer Cofman 204717524\Debug\Course.obj
C:\Users\tamiir\Desktop\SharedPointers by Tamir Abu Salah 201260148 and Omer Cofman 204717524\Debug\DataManager.obj
C:\Users\tamiir\Desktop\SharedPointers by Tamir Abu Salah 201260148 and Omer Cofman 204717524\Debug\Department.obj
C:\Users\tamiir\Desktop\SharedPointers by Tamir Abu Salah 201260148 and Omer Cofman 204717524\Debug\Logger.obj
C:\Users\tamiir\Desktop\SharedPointers by Tamir Abu Salah 201260148 and Omer Cofman 204717524\Debug\main.obj
C:\Users\tamiir\Desktop\SharedPointers by Tamir Abu Salah 201260148 and Omer Cofman 204717524\Debug\Student.obj
C:\Users\tamiir\Desktop\SharedPointers by Tamir Abu Salah 201260148 and Omer Cofman 204717524\Debug\SP_tamir.ilk
C:\Users\tamiir\Desktop\SharedPointers by Tamir Abu Salah 201260148 and Omer Cofman 204717524\Debug\cl.command.1.tlog
C:\Users\tamiir\Desktop\SharedPointers by Tamir Abu Salah 201260148 and Omer Cofman 204717524\Debug\CL.read.1.tlog
C:\Users\tamiir\Desktop\SharedPointers by Tamir Abu Salah 201260148 and Omer Cofman 204717524\Debug\CL.write.1.tlog
C:\Users\tamiir\Desktop\SharedPointers by Tamir Abu Salah 201260148 and Omer Cofman 204717524\Debug\link-cvtres.read.1.tlog
C:\Users\tamiir\Desktop\SharedPointers by Tamir Abu Salah 201260148 and Omer Cofman 204717524\Debug\link-cvtres.write.1.tlog
C:\Users\tamiir\Desktop\SharedPointers by Tamir Abu Salah 201260148 and Omer Cofman 204717524\Debug\link-rc.read.1.tlog
C:\Users\tamiir\Desktop\SharedPointers by Tamir Abu Salah 201260148 and Omer Cofman 204717524\Debug\link-rc.write.1.tlog
C:\Users\tamiir\Desktop\SharedPointers by Tamir Abu Salah 201260148 and Omer Cofman 204717524\Debug\link.command.1.tlog
C:\Users\tamiir\Desktop\SharedPointers by Tamir Abu Salah 201260148 and Omer Cofman 204717524\Debug\link.read.1.tlog
C:\Users\tamiir\Desktop\SharedPointers by Tamir Abu Salah 201260148 and Omer Cofman 204717524\Debug\link.write.1.tlog
C:\Users\tamiir\Desktop\SharedPointers by Tamir Abu Salah 201260148 and Omer Cofman 204717524\Debug\vc110.idb
C:\Users\tamiir\Desktop\SharedPointers by Tamir Abu Salah 201260148 and Omer Cofman 204717524\Debug\SP_tamir.pdb
C:\Users\tamiir\Desktop\SharedPointers by Tamir Abu Salah 201260148 and Omer Cofman 204717524\Debug\vc110.pdb
